{"timestamp":"2025-10-07T04:59:00.392Z","level":"INFO","message":"Starting Cash Management System server..."}
{"timestamp":"2025-10-07T04:59:00.617Z","level":"INFO","message":"Database connection established successfully"}
{"timestamp":"2025-10-07T04:59:01.384Z","level":"INFO","message":"Database migrations completed"}
{"timestamp":"2025-10-07T04:59:01.442Z","level":"INFO","message":"Database auto-setup completed"}
{"timestamp":"2025-10-07T04:59:01.566Z","level":"INFO","message":"Balance rollover scheduler started"}
{"timestamp":"2025-10-07T04:59:01.579Z","level":"INFO","message":"Cash Management System started successfully on port 5000","port":"5000","environment":"development","node_version":"v22.17.0","memory_limit":"default"}
{"timestamp":"2025-10-07T15:13:37.071Z","level":"INFO","message":"Starting Cash Management System server..."}
{"timestamp":"2025-10-07T15:13:37.378Z","level":"INFO","message":"Database connection established successfully"}
{"timestamp":"2025-10-07T15:13:38.252Z","level":"INFO","message":"Database migrations completed"}
{"timestamp":"2025-10-07T15:13:38.295Z","level":"INFO","message":"Database auto-setup completed"}
{"timestamp":"2025-10-07T15:13:38.383Z","level":"INFO","message":"Balance rollover scheduler started"}
{"timestamp":"2025-10-07T15:13:38.394Z","level":"INFO","message":"Cash Management System started successfully on port 5000","port":"5000","environment":"development","node_version":"v22.17.0","memory_limit":"default"}
{"timestamp":"2025-10-07T15:16:50.997Z","level":"INFO","message":"Starting Cash Management System server..."}
{"timestamp":"2025-10-07T15:16:51.259Z","level":"INFO","message":"Database connection established successfully"}
{"timestamp":"2025-10-07T15:16:51.948Z","level":"INFO","message":"Database migrations completed"}
{"timestamp":"2025-10-07T15:16:54.771Z","level":"INFO","message":"Database auto-setup completed"}
{"timestamp":"2025-10-07T15:16:54.813Z","level":"INFO","message":"Balance rollover scheduler started"}
{"timestamp":"2025-10-07T15:16:54.821Z","level":"INFO","message":"Cash Management System started successfully on port 5000","port":"5000","environment":"development","node_version":"v22.17.0","memory_limit":"default"}
{"timestamp":"2025-10-07T15:21:33.019Z","level":"INFO","message":"Starting Cash Management System server..."}
{"timestamp":"2025-10-07T15:21:33.225Z","level":"INFO","message":"Database connection established successfully"}
{"timestamp":"2025-10-07T15:21:33.769Z","level":"INFO","message":"Database migrations completed"}
{"timestamp":"2025-10-07T15:21:37.251Z","level":"INFO","message":"Database auto-setup completed"}
{"timestamp":"2025-10-07T15:21:37.297Z","level":"INFO","message":"Balance rollover scheduler started"}
{"timestamp":"2025-10-07T15:21:37.306Z","level":"INFO","message":"Cash Management System started successfully on port 5000","port":"5000","environment":"development","node_version":"v22.17.0","memory_limit":"default"}
{"timestamp":"2025-10-07T15:32:32.420Z","level":"INFO","message":"Starting Cash Management System server..."}
{"timestamp":"2025-10-07T15:32:32.600Z","level":"INFO","message":"Database connection established successfully"}
{"timestamp":"2025-10-07T15:32:33.222Z","level":"INFO","message":"Database migrations completed"}
{"timestamp":"2025-10-07T15:32:33.718Z","level":"INFO","message":"Database auto-setup completed"}
{"timestamp":"2025-10-07T15:32:33.751Z","level":"INFO","message":"Balance rollover scheduler started"}
{"timestamp":"2025-10-07T15:32:33.759Z","level":"INFO","message":"Cash Management System started successfully on port 5000","port":"5000","environment":"development","node_version":"v22.17.0","memory_limit":"default"}
