{"timestamp":"2026-03-04T06:05:31.462Z","level":"INFO","message":"Starting Cash Management System server..."}
{"timestamp":"2026-03-04T06:05:31.717Z","level":"INFO","message":"Database connection established successfully"}
{"timestamp":"2026-03-04T06:05:33.180Z","level":"INFO","message":"Database migrations completed"}
{"timestamp":"2026-03-04T06:05:33.195Z","level":"INFO","message":"Critical performance indexes applied","created":0}
{"timestamp":"2026-03-04T06:05:33.208Z","level":"INFO","message":"High-level performance optimization completed successfully"}
{"timestamp":"2026-03-04T06:05:33.221Z","level":"INFO","message":"Ultra performance optimization completed successfully"}
{"timestamp":"2026-03-04T06:05:33.233Z","level":"INFO","message":"Database auto-setup completed"}
{"timestamp":"2026-03-04T06:05:33.317Z","level":"INFO","message":"Balance rollover scheduler started"}
{"timestamp":"2026-03-04T06:05:33.325Z","level":"INFO","message":"Cash Management System started successfully on port 5000","port":"5000","environment":"development","node_version":"v22.17.0","memory_limit":"default"}
{"timestamp":"2026-03-04T06:15:03.101Z","level":"INFO","message":"Starting Cash Management System server..."}
{"timestamp":"2026-03-04T06:15:03.215Z","level":"INFO","message":"Database connection established successfully"}
{"timestamp":"2026-03-04T06:15:03.682Z","level":"INFO","message":"Database migrations completed"}
{"timestamp":"2026-03-04T06:15:03.699Z","level":"INFO","message":"Critical performance indexes applied","created":3}
{"timestamp":"2026-03-04T06:15:03.776Z","level":"INFO","message":"High-level performance optimization completed successfully"}
{"timestamp":"2026-03-04T06:15:04.465Z","level":"INFO","message":"Ultra performance optimization completed successfully"}
{"timestamp":"2026-03-04T06:15:05.510Z","level":"INFO","message":"Database auto-setup completed"}
{"timestamp":"2026-03-04T06:15:05.531Z","level":"INFO","message":"Balance rollover scheduler started"}
{"timestamp":"2026-03-04T06:15:05.535Z","level":"INFO","message":"Cash Management System started successfully on port 5000","port":"5000","environment":"development","node_version":"v22.17.0","memory_limit":"default"}
{"timestamp":"2026-03-04T06:17:00.040Z","level":"INFO","message":"Starting Cash Management System server..."}
{"timestamp":"2026-03-04T06:17:00.155Z","level":"INFO","message":"Database connection established successfully"}
{"timestamp":"2026-03-04T06:17:00.654Z","level":"INFO","message":"Database migrations completed"}
{"timestamp":"2026-03-04T06:17:00.660Z","level":"INFO","message":"Critical performance indexes applied","created":0}
{"timestamp":"2026-03-04T06:17:00.664Z","level":"INFO","message":"High-level performance optimization completed successfully"}
{"timestamp":"2026-03-04T06:17:00.669Z","level":"INFO","message":"Ultra performance optimization completed successfully"}
{"timestamp":"2026-03-04T06:17:00.672Z","level":"INFO","message":"Database auto-setup completed"}
{"timestamp":"2026-03-04T06:17:00.692Z","level":"INFO","message":"Balance rollover scheduler started"}
{"timestamp":"2026-03-04T06:17:00.696Z","level":"INFO","message":"Cash Management System started successfully on port 5000","port":"5000","environment":"development","node_version":"v22.17.0","memory_limit":"default"}
{"timestamp":"2026-03-04T06:35:39.966Z","level":"INFO","message":"SIGINT received. Shutting down gracefully..."}
{"timestamp":"2026-03-04T06:35:39.970Z","level":"INFO","message":"Balance scheduler stopped"}
{"timestamp":"2026-03-04T06:35:39.972Z","level":"INFO","message":"Performance cache closed"}
{"timestamp":"2026-03-04T06:35:39.997Z","level":"INFO","message":"Database connections closed. Server shutdown complete."}
{"timestamp":"2026-03-04T06:35:57.098Z","level":"INFO","message":"Starting Cash Management System server..."}
{"timestamp":"2026-03-04T06:35:57.207Z","level":"INFO","message":"Database connection established successfully"}
{"timestamp":"2026-03-04T06:35:57.834Z","level":"INFO","message":"Database migrations completed"}
{"timestamp":"2026-03-04T06:35:57.839Z","level":"INFO","message":"Critical performance indexes applied","created":0}
{"timestamp":"2026-03-04T06:35:57.843Z","level":"INFO","message":"High-level performance optimization completed successfully"}
{"timestamp":"2026-03-04T06:35:57.847Z","level":"INFO","message":"Ultra performance optimization completed successfully"}
{"timestamp":"2026-03-04T06:35:57.851Z","level":"INFO","message":"Database auto-setup completed"}
{"timestamp":"2026-03-04T06:35:57.870Z","level":"INFO","message":"Balance rollover scheduler started"}
{"timestamp":"2026-03-04T06:35:57.875Z","level":"INFO","message":"Cash Management System started successfully on port 5000","port":"5000","environment":"development","node_version":"v22.17.0","memory_limit":"default"}
{"timestamp":"2026-03-04T09:51:06.022Z","level":"INFO","message":"Starting Cash Management System server..."}
{"timestamp":"2026-03-04T09:51:06.148Z","level":"INFO","message":"Database connection established successfully"}
{"timestamp":"2026-03-04T09:51:06.970Z","level":"INFO","message":"Database migrations completed"}
{"timestamp":"2026-03-04T09:51:06.977Z","level":"INFO","message":"Critical performance indexes applied","created":0}
{"timestamp":"2026-03-04T09:51:06.982Z","level":"INFO","message":"High-level performance optimization completed successfully"}
{"timestamp":"2026-03-04T09:51:06.987Z","level":"INFO","message":"Ultra performance optimization completed successfully"}
{"timestamp":"2026-03-04T09:51:06.992Z","level":"INFO","message":"Database auto-setup completed"}
{"timestamp":"2026-03-04T09:51:07.013Z","level":"INFO","message":"Balance rollover scheduler started"}
{"timestamp":"2026-03-04T09:51:07.017Z","level":"INFO","message":"Cash Management System started successfully on port 5000","port":"5000","environment":"development","node_version":"v22.17.0","memory_limit":"default"}
