{"timestamp":"2025-10-04T03:15:10.701Z","level":"INFO","message":"Starting Cash Management System server..."}
{"timestamp":"2025-10-04T03:15:10.999Z","level":"INFO","message":"Database connection established successfully"}
{"timestamp":"2025-10-04T03:15:12.195Z","level":"INFO","message":"Database auto-setup completed"}
{"timestamp":"2025-10-04T03:15:12.323Z","level":"INFO","message":"Balance rollover scheduler started"}
{"timestamp":"2025-10-04T03:15:12.339Z","level":"INFO","message":"Cash Management System started successfully on port 5000","port":"5000","environment":"development","node_version":"v22.17.0","memory_limit":"default"}
{"timestamp":"2025-10-04T03:25:33.834Z","level":"INFO","message":"Starting Cash Management System server..."}
{"timestamp":"2025-10-04T03:25:33.947Z","level":"INFO","message":"Database connection established successfully"}
{"timestamp":"2025-10-04T03:25:34.373Z","level":"INFO","message":"Database auto-setup completed"}
{"timestamp":"2025-10-04T03:25:34.392Z","level":"INFO","message":"Balance rollover scheduler started"}
{"timestamp":"2025-10-04T03:25:34.396Z","level":"INFO","message":"Cash Management System started successfully on port 5000","port":"5000","environment":"development","node_version":"v22.17.0","memory_limit":"default"}
{"timestamp":"2025-10-04T03:33:24.397Z","level":"INFO","message":"Starting Cash Management System server..."}
{"timestamp":"2025-10-04T03:33:24.638Z","level":"INFO","message":"Database connection established successfully"}
{"timestamp":"2025-10-04T03:33:25.616Z","level":"INFO","message":"Database auto-setup completed"}
{"timestamp":"2025-10-04T03:33:25.680Z","level":"INFO","message":"Balance rollover scheduler started"}
{"timestamp":"2025-10-04T03:33:25.695Z","level":"INFO","message":"Cash Management System started successfully on port 5000","port":"5000","environment":"development","node_version":"v22.17.0","memory_limit":"default"}
{"timestamp":"2025-10-04T03:35:30.934Z","level":"INFO","message":"Starting Cash Management System server..."}
{"timestamp":"2025-10-04T03:35:31.280Z","level":"INFO","message":"Database connection established successfully"}
{"timestamp":"2025-10-04T03:35:35.262Z","level":"INFO","message":"Database auto-setup completed"}
{"timestamp":"2025-10-04T03:35:35.301Z","level":"INFO","message":"Balance rollover scheduler started"}
{"timestamp":"2025-10-04T03:35:35.311Z","level":"INFO","message":"Cash Management System started successfully on port 5000","port":"5000","environment":"development","node_version":"v22.17.0","memory_limit":"default"}
{"timestamp":"2025-10-04T03:48:22.682Z","level":"INFO","message":"Starting Cash Management System server..."}
{"timestamp":"2025-10-04T03:48:22.875Z","level":"INFO","message":"Database connection established successfully"}
{"timestamp":"2025-10-04T03:48:23.534Z","level":"INFO","message":"Database auto-setup completed"}
{"timestamp":"2025-10-04T03:48:23.572Z","level":"INFO","message":"Balance rollover scheduler started"}
{"timestamp":"2025-10-04T03:48:23.582Z","level":"INFO","message":"Cash Management System started successfully on port 5000","port":"5000","environment":"development","node_version":"v22.17.0","memory_limit":"default"}
{"timestamp":"2025-10-04T04:11:54.083Z","level":"INFO","message":"Starting Cash Management System server..."}
{"timestamp":"2025-10-04T04:11:54.189Z","level":"INFO","message":"Database connection established successfully"}
{"timestamp":"2025-10-04T04:11:55.036Z","level":"INFO","message":"Database auto-setup completed"}
{"timestamp":"2025-10-04T04:11:55.043Z","level":"INFO","message":"Balance rollover scheduler started"}
{"timestamp":"2025-10-04T04:11:55.048Z","level":"INFO","message":"Cash Management System started successfully on port 5000","port":"5000","environment":"development","node_version":"v22.17.0","memory_limit":"default"}
{"timestamp":"2025-10-04T04:15:10.845Z","level":"INFO","message":"Starting Cash Management System server..."}
{"timestamp":"2025-10-04T04:15:10.960Z","level":"INFO","message":"Database connection established successfully"}
{"timestamp":"2025-10-04T04:15:12.045Z","level":"INFO","message":"Database auto-setup completed"}
{"timestamp":"2025-10-04T04:15:12.053Z","level":"INFO","message":"Balance rollover scheduler started"}
{"timestamp":"2025-10-04T04:15:12.058Z","level":"INFO","message":"Cash Management System started successfully on port 5000","port":"5000","environment":"development","node_version":"v22.17.0","memory_limit":"default"}
{"timestamp":"2025-10-04T04:17:29.829Z","level":"INFO","message":"Starting Cash Management System server..."}
{"timestamp":"2025-10-04T04:19:13.310Z","level":"INFO","message":"Starting Cash Management System server..."}
{"timestamp":"2025-10-04T04:20:41.898Z","level":"INFO","message":"Starting Cash Management System server..."}
{"timestamp":"2025-10-04T04:20:42.017Z","level":"INFO","message":"Database connection established successfully"}
{"timestamp":"2025-10-04T04:20:43.794Z","level":"INFO","message":"Database auto-setup completed"}
{"timestamp":"2025-10-04T04:20:43.805Z","level":"INFO","message":"Balance rollover scheduler started"}
{"timestamp":"2025-10-04T04:20:43.811Z","level":"INFO","message":"Cash Management System started successfully on port 5000","port":"5000","environment":"development","node_version":"v22.17.0","memory_limit":"default"}
{"timestamp":"2025-10-04T04:27:02.036Z","level":"INFO","message":"Starting Cash Management System server..."}
{"timestamp":"2025-10-04T04:27:02.149Z","level":"INFO","message":"Database connection established successfully"}
{"timestamp":"2025-10-04T04:27:02.576Z","level":"INFO","message":"Database auto-setup completed"}
{"timestamp":"2025-10-04T04:27:02.584Z","level":"INFO","message":"Balance rollover scheduler started"}
{"timestamp":"2025-10-04T04:27:02.588Z","level":"INFO","message":"Cash Management System started successfully on port 5000","port":"5000","environment":"development","node_version":"v22.17.0","memory_limit":"default"}
{"timestamp":"2025-10-04T04:32:24.893Z","level":"INFO","message":"SIGINT received. Shutting down gracefully..."}
{"timestamp":"2025-10-04T04:32:24.896Z","level":"INFO","message":"Balance scheduler stopped"}
{"timestamp":"2025-10-04T04:32:24.898Z","level":"INFO","message":"Performance cache closed"}
{"timestamp":"2025-10-04T04:32:24.907Z","level":"INFO","message":"Database connections closed. Server shutdown complete."}
{"timestamp":"2025-10-04T04:32:47.314Z","level":"INFO","message":"Starting Cash Management System server..."}
{"timestamp":"2025-10-04T04:32:47.464Z","level":"INFO","message":"Database connection established successfully"}
{"timestamp":"2025-10-04T04:32:48.198Z","level":"INFO","message":"Database auto-setup completed"}
{"timestamp":"2025-10-04T04:32:48.210Z","level":"INFO","message":"Balance rollover scheduler started"}
{"timestamp":"2025-10-04T04:32:48.220Z","level":"INFO","message":"Cash Management System started successfully on port 5000","port":"5000","environment":"development","node_version":"v22.17.0","memory_limit":"default"}
{"timestamp":"2025-10-04T04:48:11.177Z","level":"INFO","message":"Starting Cash Management System server..."}
{"timestamp":"2025-10-04T04:48:11.291Z","level":"INFO","message":"Database connection established successfully"}
{"timestamp":"2025-10-04T04:48:12.794Z","level":"INFO","message":"Database auto-setup completed"}
{"timestamp":"2025-10-04T04:48:12.803Z","level":"INFO","message":"Balance rollover scheduler started"}
{"timestamp":"2025-10-04T04:48:12.807Z","level":"INFO","message":"Cash Management System started successfully on port 5000","port":"5000","environment":"development","node_version":"v22.17.0","memory_limit":"default"}
{"timestamp":"2025-10-04T05:08:50.417Z","level":"INFO","message":"Starting Cash Management System server..."}
{"timestamp":"2025-10-04T05:08:50.688Z","level":"INFO","message":"Database connection established successfully"}
{"timestamp":"2025-10-04T05:08:51.533Z","level":"INFO","message":"Database auto-setup completed"}
{"timestamp":"2025-10-04T05:08:51.546Z","level":"INFO","message":"Balance rollover scheduler started"}
{"timestamp":"2025-10-04T05:08:51.554Z","level":"INFO","message":"Cash Management System started successfully on port 5000","port":"5000","environment":"development","node_version":"v22.17.0","memory_limit":"default"}
{"timestamp":"2025-10-04T08:57:59.893Z","level":"INFO","message":"Starting Cash Management System server..."}
{"timestamp":"2025-10-04T08:58:00.066Z","level":"INFO","message":"Database connection established successfully"}
{"timestamp":"2025-10-04T08:58:01.624Z","level":"INFO","message":"Database auto-setup completed"}
{"timestamp":"2025-10-04T08:58:01.696Z","level":"INFO","message":"Balance rollover scheduler started"}
{"timestamp":"2025-10-04T08:58:01.702Z","level":"INFO","message":"Cash Management System started successfully on port 5000","port":"5000","environment":"development","node_version":"v22.17.0","memory_limit":"default"}
{"timestamp":"2025-10-04T09:13:26.642Z","level":"INFO","message":"Starting Cash Management System server..."}
{"timestamp":"2025-10-04T09:13:26.777Z","level":"INFO","message":"Database connection established successfully"}
{"timestamp":"2025-10-04T09:13:27.376Z","level":"INFO","message":"Database auto-setup completed"}
{"timestamp":"2025-10-04T09:13:27.398Z","level":"INFO","message":"Balance rollover scheduler started"}
{"timestamp":"2025-10-04T09:13:27.403Z","level":"INFO","message":"Cash Management System started successfully on port 5000","port":"5000","environment":"development","node_version":"v22.17.0","memory_limit":"default"}
{"timestamp":"2025-10-04T09:15:57.128Z","level":"INFO","message":"Starting Cash Management System server..."}
{"timestamp":"2025-10-04T09:15:57.243Z","level":"INFO","message":"Database connection established successfully"}
{"timestamp":"2025-10-04T09:15:57.661Z","level":"INFO","message":"Database auto-setup completed"}
{"timestamp":"2025-10-04T09:15:57.681Z","level":"INFO","message":"Balance rollover scheduler started"}
{"timestamp":"2025-10-04T09:15:57.686Z","level":"INFO","message":"Cash Management System started successfully on port 5000","port":"5000","environment":"development","node_version":"v22.17.0","memory_limit":"default"}
{"timestamp":"2025-10-04T09:26:46.843Z","level":"INFO","message":"Starting Cash Management System server..."}
{"timestamp":"2025-10-04T09:26:46.960Z","level":"INFO","message":"Database connection established successfully"}
{"timestamp":"2025-10-04T09:26:48.494Z","level":"INFO","message":"Database auto-setup completed"}
{"timestamp":"2025-10-04T09:26:48.512Z","level":"INFO","message":"Balance rollover scheduler started"}
{"timestamp":"2025-10-04T09:26:48.516Z","level":"INFO","message":"Cash Management System started successfully on port 5000","port":"5000","environment":"development","node_version":"v22.17.0","memory_limit":"default"}
{"timestamp":"2025-10-04T14:35:16.248Z","level":"INFO","message":"Starting Cash Management System server..."}
{"timestamp":"2025-10-04T14:35:16.479Z","level":"INFO","message":"Database connection established successfully"}
{"timestamp":"2025-10-04T14:35:17.138Z","level":"INFO","message":"Database auto-setup completed"}
{"timestamp":"2025-10-04T14:35:17.227Z","level":"INFO","message":"Balance rollover scheduler started"}
{"timestamp":"2025-10-04T14:35:17.239Z","level":"INFO","message":"Cash Management System started successfully on port 5000","port":"5000","environment":"development","node_version":"v22.17.0","memory_limit":"default"}
{"timestamp":"2025-10-04T14:45:21.368Z","level":"INFO","message":"Starting Cash Management System server..."}
{"timestamp":"2025-10-04T14:45:21.609Z","level":"INFO","message":"Database connection established successfully"}
{"timestamp":"2025-10-04T14:45:22.369Z","level":"INFO","message":"Database auto-setup completed"}
{"timestamp":"2025-10-04T14:45:22.405Z","level":"INFO","message":"Balance rollover scheduler started"}
{"timestamp":"2025-10-04T14:45:22.412Z","level":"INFO","message":"Cash Management System started successfully on port 5000","port":"5000","environment":"development","node_version":"v22.17.0","memory_limit":"default"}
{"timestamp":"2025-10-04T14:46:31.698Z","level":"INFO","message":"Starting Cash Management System server..."}
{"timestamp":"2025-10-04T14:46:31.988Z","level":"INFO","message":"Database connection established successfully"}
{"timestamp":"2025-10-04T14:46:32.876Z","level":"INFO","message":"Database auto-setup completed"}
{"timestamp":"2025-10-04T14:46:32.908Z","level":"INFO","message":"Balance rollover scheduler started"}
{"timestamp":"2025-10-04T14:46:32.917Z","level":"INFO","message":"Cash Management System started successfully on port 5000","port":"5000","environment":"development","node_version":"v22.17.0","memory_limit":"default"}
{"timestamp":"2025-10-04T14:49:59.449Z","level":"INFO","message":"Starting Cash Management System server..."}
{"timestamp":"2025-10-04T14:49:59.724Z","level":"INFO","message":"Database connection established successfully"}
{"timestamp":"2025-10-04T14:50:03.052Z","level":"INFO","message":"Database auto-setup completed"}
{"timestamp":"2025-10-04T14:50:03.094Z","level":"INFO","message":"Balance rollover scheduler started"}
{"timestamp":"2025-10-04T14:50:03.104Z","level":"INFO","message":"Cash Management System started successfully on port 5000","port":"5000","environment":"development","node_version":"v22.17.0","memory_limit":"default"}
{"timestamp":"2025-10-04T14:54:34.878Z","level":"INFO","message":"Starting Cash Management System server..."}
{"timestamp":"2025-10-04T14:54:35.091Z","level":"INFO","message":"Database connection established successfully"}
{"timestamp":"2025-10-04T14:54:36.148Z","level":"INFO","message":"Database migrations completed"}
{"timestamp":"2025-10-04T14:54:36.633Z","level":"INFO","message":"Database auto-setup completed"}
{"timestamp":"2025-10-04T14:54:36.687Z","level":"INFO","message":"Balance rollover scheduler started"}
{"timestamp":"2025-10-04T14:54:36.699Z","level":"INFO","message":"Cash Management System started successfully on port 5000","port":"5000","environment":"development","node_version":"v22.17.0","memory_limit":"default"}
{"timestamp":"2025-10-04T14:56:51.972Z","level":"INFO","message":"Starting Cash Management System server..."}
{"timestamp":"2025-10-04T14:56:52.209Z","level":"INFO","message":"Database connection established successfully"}
{"timestamp":"2025-10-04T14:56:52.944Z","level":"INFO","message":"Database migrations completed"}
{"timestamp":"2025-10-04T14:56:55.828Z","level":"INFO","message":"Database auto-setup completed"}
{"timestamp":"2025-10-04T14:56:55.863Z","level":"INFO","message":"Balance rollover scheduler started"}
{"timestamp":"2025-10-04T14:56:55.870Z","level":"INFO","message":"Cash Management System started successfully on port 5000","port":"5000","environment":"development","node_version":"v22.17.0","memory_limit":"default"}
{"timestamp":"2025-10-04T14:59:42.596Z","level":"INFO","message":"Starting Cash Management System server..."}
{"timestamp":"2025-10-04T14:59:42.890Z","level":"INFO","message":"Database connection established successfully"}
{"timestamp":"2025-10-04T14:59:43.588Z","level":"INFO","message":"Database migrations completed"}
{"timestamp":"2025-10-04T14:59:44.088Z","level":"INFO","message":"Database auto-setup completed"}
{"timestamp":"2025-10-04T14:59:44.122Z","level":"INFO","message":"Balance rollover scheduler started"}
{"timestamp":"2025-10-04T14:59:44.131Z","level":"INFO","message":"Cash Management System started successfully on port 5000","port":"5000","environment":"development","node_version":"v22.17.0","memory_limit":"default"}
{"timestamp":"2025-10-04T15:00:09.210Z","level":"INFO","message":"SIGINT received. Shutting down gracefully..."}
{"timestamp":"2025-10-04T15:00:09.216Z","level":"INFO","message":"Balance scheduler stopped"}
{"timestamp":"2025-10-04T15:00:09.220Z","level":"INFO","message":"Performance cache closed"}
{"timestamp":"2025-10-04T15:00:09.249Z","level":"INFO","message":"Database connections closed. Server shutdown complete."}
{"timestamp":"2025-10-04T15:00:30.390Z","level":"INFO","message":"Starting Cash Management System server..."}
{"timestamp":"2025-10-04T15:00:30.672Z","level":"INFO","message":"Database connection established successfully"}
{"timestamp":"2025-10-04T15:00:31.548Z","level":"INFO","message":"Database migrations completed"}
{"timestamp":"2025-10-04T15:00:32.069Z","level":"INFO","message":"Database auto-setup completed"}
{"timestamp":"2025-10-04T15:00:32.111Z","level":"INFO","message":"Balance rollover scheduler started"}
{"timestamp":"2025-10-04T15:00:32.119Z","level":"INFO","message":"Cash Management System started successfully on port 5000","port":"5000","environment":"development","node_version":"v22.17.0","memory_limit":"default"}
{"timestamp":"2025-10-04T15:03:31.357Z","level":"INFO","message":"Starting Cash Management System server..."}
{"timestamp":"2025-10-04T15:03:31.611Z","level":"INFO","message":"Database connection established successfully"}
{"timestamp":"2025-10-04T15:03:32.485Z","level":"INFO","message":"Database migrations completed"}
{"timestamp":"2025-10-04T15:03:33.014Z","level":"INFO","message":"Database auto-setup completed"}
{"timestamp":"2025-10-04T15:03:33.055Z","level":"INFO","message":"Balance rollover scheduler started"}
{"timestamp":"2025-10-04T15:03:33.064Z","level":"INFO","message":"Cash Management System started successfully on port 5000","port":"5000","environment":"development","node_version":"v22.17.0","memory_limit":"default"}
{"timestamp":"2025-10-04T15:03:58.441Z","level":"INFO","message":"SIGINT received. Shutting down gracefully..."}
{"timestamp":"2025-10-04T15:03:58.452Z","level":"INFO","message":"Balance scheduler stopped"}
{"timestamp":"2025-10-04T15:03:58.458Z","level":"INFO","message":"Performance cache closed"}
{"timestamp":"2025-10-04T15:03:58.487Z","level":"INFO","message":"Database connections closed. Server shutdown complete."}
{"timestamp":"2025-10-04T15:09:44.197Z","level":"INFO","message":"Starting Cash Management System server..."}
{"timestamp":"2025-10-04T15:09:44.489Z","level":"INFO","message":"Database connection established successfully"}
{"timestamp":"2025-10-04T15:09:45.291Z","level":"INFO","message":"Database migrations completed"}
{"timestamp":"2025-10-04T15:09:45.785Z","level":"INFO","message":"Database auto-setup completed"}
{"timestamp":"2025-10-04T15:09:45.816Z","level":"INFO","message":"Balance rollover scheduler started"}
{"timestamp":"2025-10-04T15:09:45.825Z","level":"INFO","message":"Cash Management System started successfully on port 5000","port":"5000","environment":"development","node_version":"v22.17.0","memory_limit":"default"}
{"timestamp":"2025-10-04T15:14:07.243Z","level":"INFO","message":"Starting Cash Management System server..."}
{"timestamp":"2025-10-04T15:14:07.414Z","level":"INFO","message":"Database connection established successfully"}
{"timestamp":"2025-10-04T15:14:08.046Z","level":"INFO","message":"Database migrations completed"}
{"timestamp":"2025-10-04T15:14:08.407Z","level":"INFO","message":"Database auto-setup completed"}
{"timestamp":"2025-10-04T15:14:08.449Z","level":"INFO","message":"Balance rollover scheduler started"}
{"timestamp":"2025-10-04T15:14:08.460Z","level":"INFO","message":"Cash Management System started successfully on port 5000","port":"5000","environment":"development","node_version":"v22.17.0","memory_limit":"default"}
{"timestamp":"2025-10-04T15:19:03.335Z","level":"INFO","message":"Starting Cash Management System server..."}
{"timestamp":"2025-10-04T15:19:47.057Z","level":"INFO","message":"Starting Cash Management System server..."}
{"timestamp":"2025-10-04T15:19:47.272Z","level":"INFO","message":"Database connection established successfully"}
{"timestamp":"2025-10-04T15:19:47.992Z","level":"INFO","message":"Database migrations completed"}
{"timestamp":"2025-10-04T15:19:51.461Z","level":"INFO","message":"Database auto-setup completed"}
{"timestamp":"2025-10-04T15:19:51.499Z","level":"INFO","message":"Balance rollover scheduler started"}
{"timestamp":"2025-10-04T15:19:51.509Z","level":"INFO","message":"Cash Management System started successfully on port 5000","port":"5000","environment":"development","node_version":"v22.17.0","memory_limit":"default"}
{"timestamp":"2025-10-04T15:25:08.278Z","level":"INFO","message":"Starting Cash Management System server..."}
{"timestamp":"2025-10-04T15:25:08.456Z","level":"INFO","message":"Database connection established successfully"}
{"timestamp":"2025-10-04T15:25:09.103Z","level":"INFO","message":"Database migrations completed"}
{"timestamp":"2025-10-04T15:25:11.801Z","level":"INFO","message":"Database auto-setup completed"}
{"timestamp":"2025-10-04T15:25:11.838Z","level":"INFO","message":"Balance rollover scheduler started"}
{"timestamp":"2025-10-04T15:25:11.844Z","level":"INFO","message":"Cash Management System started successfully on port 5000","port":"5000","environment":"development","node_version":"v22.17.0","memory_limit":"default"}
{"timestamp":"2025-10-04T15:30:41.631Z","level":"INFO","message":"Starting Cash Management System server..."}
{"timestamp":"2025-10-04T15:30:41.839Z","level":"INFO","message":"Database connection established successfully"}
{"timestamp":"2025-10-04T15:30:42.511Z","level":"INFO","message":"Database migrations completed"}
{"timestamp":"2025-10-04T15:30:42.906Z","level":"INFO","message":"Database auto-setup completed"}
{"timestamp":"2025-10-04T15:30:42.948Z","level":"INFO","message":"Balance rollover scheduler started"}
{"timestamp":"2025-10-04T15:30:42.959Z","level":"INFO","message":"Cash Management System started successfully on port 5000","port":"5000","environment":"development","node_version":"v22.17.0","memory_limit":"default"}
{"timestamp":"2025-10-04T15:44:26.816Z","level":"INFO","message":"Starting Cash Management System server..."}
{"timestamp":"2025-10-04T15:44:27.130Z","level":"INFO","message":"Database connection established successfully"}
{"timestamp":"2025-10-04T15:44:27.931Z","level":"INFO","message":"Database migrations completed"}
{"timestamp":"2025-10-04T15:44:31.030Z","level":"INFO","message":"Database auto-setup completed"}
{"timestamp":"2025-10-04T15:44:31.088Z","level":"INFO","message":"Balance rollover scheduler started"}
{"timestamp":"2025-10-04T15:44:31.099Z","level":"INFO","message":"Cash Management System started successfully on port 5000","port":"5000","environment":"development","node_version":"v22.17.0","memory_limit":"default"}
{"timestamp":"2025-10-04T15:48:29.058Z","level":"INFO","message":"Starting Cash Management System server..."}
{"timestamp":"2025-10-04T15:48:29.259Z","level":"INFO","message":"Database connection established successfully"}
{"timestamp":"2025-10-04T15:48:29.971Z","level":"INFO","message":"Database migrations completed"}
{"timestamp":"2025-10-04T15:48:30.432Z","level":"INFO","message":"Database auto-setup completed"}
{"timestamp":"2025-10-04T15:48:30.476Z","level":"INFO","message":"Balance rollover scheduler started"}
{"timestamp":"2025-10-04T15:48:30.482Z","level":"INFO","message":"Cash Management System started successfully on port 5000","port":"5000","environment":"development","node_version":"v22.17.0","memory_limit":"default"}
