{"timestamp":"2025-10-15T09:04:56.792Z","level":"INFO","message":"Starting Cash Management System server..."}
{"timestamp":"2025-10-15T09:04:57.173Z","level":"INFO","message":"Database connection established successfully"}
{"timestamp":"2025-10-15T09:04:59.479Z","level":"INFO","message":"Database migrations completed"}
{"timestamp":"2025-10-15T09:04:59.498Z","level":"INFO","message":"Critical performance indexes applied","created":0}
{"timestamp":"2025-10-15T09:04:59.512Z","level":"INFO","message":"High-level performance optimization completed successfully"}
{"timestamp":"2025-10-15T09:04:59.529Z","level":"INFO","message":"Ultra performance optimization completed successfully"}
{"timestamp":"2025-10-15T09:04:59.543Z","level":"INFO","message":"Database auto-setup completed"}
{"timestamp":"2025-10-15T09:04:59.640Z","level":"INFO","message":"Balance rollover scheduler started"}
{"timestamp":"2025-10-15T09:04:59.650Z","level":"INFO","message":"Cash Management System started successfully on port 5000","port":"5000","environment":"development","node_version":"v22.17.0","memory_limit":"default"}
{"timestamp":"2025-10-15T10:32:29.936Z","level":"INFO","message":"Starting Cash Management System server..."}
{"timestamp":"2025-10-15T10:32:30.303Z","level":"INFO","message":"Database connection established successfully"}
{"timestamp":"2025-10-15T10:32:32.253Z","level":"INFO","message":"Database migrations completed"}
{"timestamp":"2025-10-15T10:32:32.270Z","level":"INFO","message":"Critical performance indexes applied","created":0}
{"timestamp":"2025-10-15T10:32:32.278Z","level":"INFO","message":"High-level performance optimization completed successfully"}
{"timestamp":"2025-10-15T10:32:32.289Z","level":"INFO","message":"Ultra performance optimization completed successfully"}
{"timestamp":"2025-10-15T10:32:32.297Z","level":"INFO","message":"Database auto-setup completed"}
{"timestamp":"2025-10-15T10:32:32.326Z","level":"INFO","message":"Balance rollover scheduler started"}
{"timestamp":"2025-10-15T10:32:32.333Z","level":"INFO","message":"Cash Management System started successfully on port 5000","port":"5000","environment":"development","node_version":"v22.17.0","memory_limit":"default"}
{"timestamp":"2025-10-15T13:30:02.157Z","level":"INFO","message":"Starting Cash Management System server..."}
{"timestamp":"2025-10-15T13:30:02.532Z","level":"INFO","message":"Database connection established successfully"}
{"timestamp":"2025-10-15T13:30:05.144Z","level":"INFO","message":"Database migrations completed"}
{"timestamp":"2025-10-15T13:30:05.165Z","level":"INFO","message":"Critical performance indexes applied","created":0}
{"timestamp":"2025-10-15T13:30:05.179Z","level":"INFO","message":"High-level performance optimization completed successfully"}
{"timestamp":"2025-10-15T13:30:05.194Z","level":"INFO","message":"Ultra performance optimization completed successfully"}
{"timestamp":"2025-10-15T13:30:05.205Z","level":"INFO","message":"Database auto-setup completed"}
{"timestamp":"2025-10-15T13:30:05.305Z","level":"INFO","message":"Balance rollover scheduler started"}
{"timestamp":"2025-10-15T13:30:05.320Z","level":"INFO","message":"Cash Management System started successfully on port 5000","port":"5000","environment":"development","node_version":"v22.17.0","memory_limit":"default"}
