{"timestamp":"2025-10-06T01:24:13.205Z","level":"INFO","message":"Starting Cash Management System server..."}
{"timestamp":"2025-10-06T01:24:13.431Z","level":"INFO","message":"Database connection established successfully"}
{"timestamp":"2025-10-06T01:24:14.318Z","level":"INFO","message":"Database migrations completed"}
{"timestamp":"2025-10-06T01:24:14.814Z","level":"INFO","message":"Database auto-setup completed"}
{"timestamp":"2025-10-06T01:24:14.901Z","level":"INFO","message":"Balance rollover scheduler started"}
{"timestamp":"2025-10-06T01:24:14.913Z","level":"INFO","message":"Cash Management System started successfully on port 5000","port":"5000","environment":"development","node_version":"v22.17.0","memory_limit":"default"}
{"timestamp":"2025-10-06T01:50:26.579Z","level":"INFO","message":"Starting Cash Management System server..."}
{"timestamp":"2025-10-06T01:50:26.678Z","level":"INFO","message":"Database connection established successfully"}
{"timestamp":"2025-10-06T01:50:27.041Z","level":"INFO","message":"Database migrations completed"}
{"timestamp":"2025-10-06T01:50:28.257Z","level":"INFO","message":"Database auto-setup completed"}
{"timestamp":"2025-10-06T01:50:28.275Z","level":"INFO","message":"Balance rollover scheduler started"}
{"timestamp":"2025-10-06T01:50:28.279Z","level":"INFO","message":"Cash Management System started successfully on port 5000","port":"5000","environment":"development","node_version":"v22.17.0","memory_limit":"default"}
{"timestamp":"2025-10-06T02:02:06.373Z","level":"INFO","message":"Starting Cash Management System server..."}
{"timestamp":"2025-10-06T02:02:06.485Z","level":"INFO","message":"Database connection established successfully"}
{"timestamp":"2025-10-06T02:06:55.303Z","level":"INFO","message":"Starting Cash Management System server..."}
{"timestamp":"2025-10-06T02:06:55.513Z","level":"INFO","message":"Database connection established successfully"}
{"timestamp":"2025-10-06T02:06:55.866Z","level":"INFO","message":"Database migrations completed"}
{"timestamp":"2025-10-06T02:06:57.131Z","level":"INFO","message":"Database auto-setup completed"}
{"timestamp":"2025-10-06T02:06:57.149Z","level":"INFO","message":"Balance rollover scheduler started"}
{"timestamp":"2025-10-06T02:06:57.153Z","level":"INFO","message":"Cash Management System started successfully on port 5000","port":"5000","environment":"development","node_version":"v22.17.0","memory_limit":"default"}
{"timestamp":"2025-10-06T02:14:14.861Z","level":"INFO","message":"Starting Cash Management System server..."}
{"timestamp":"2025-10-06T02:14:14.981Z","level":"INFO","message":"Database connection established successfully"}
{"timestamp":"2025-10-06T02:14:15.355Z","level":"INFO","message":"Database migrations completed"}
{"timestamp":"2025-10-06T02:14:15.374Z","level":"INFO","message":"Database auto-setup completed"}
{"timestamp":"2025-10-06T02:14:15.393Z","level":"INFO","message":"Balance rollover scheduler started"}
{"timestamp":"2025-10-06T02:14:15.398Z","level":"INFO","message":"Cash Management System started successfully on port 5000","port":"5000","environment":"development","node_version":"v22.17.0","memory_limit":"default"}
{"timestamp":"2025-10-06T02:16:05.805Z","level":"INFO","message":"Starting Cash Management System server..."}
{"timestamp":"2025-10-06T02:16:05.918Z","level":"INFO","message":"Database connection established successfully"}
{"timestamp":"2025-10-06T02:16:06.320Z","level":"INFO","message":"Database migrations completed"}
{"timestamp":"2025-10-06T02:16:07.607Z","level":"INFO","message":"Database auto-setup completed"}
{"timestamp":"2025-10-06T02:16:07.626Z","level":"INFO","message":"Balance rollover scheduler started"}
{"timestamp":"2025-10-06T02:16:07.631Z","level":"INFO","message":"Cash Management System started successfully on port 5000","port":"5000","environment":"development","node_version":"v22.17.0","memory_limit":"default"}
{"timestamp":"2025-10-06T02:21:38.973Z","level":"INFO","message":"Starting Cash Management System server..."}
{"timestamp":"2025-10-06T02:21:39.196Z","level":"INFO","message":"Database connection established successfully"}
{"timestamp":"2025-10-06T02:21:39.548Z","level":"INFO","message":"Database migrations completed"}
{"timestamp":"2025-10-06T02:21:40.797Z","level":"INFO","message":"Database auto-setup completed"}
{"timestamp":"2025-10-06T02:21:40.815Z","level":"INFO","message":"Balance rollover scheduler started"}
{"timestamp":"2025-10-06T02:21:40.819Z","level":"INFO","message":"Cash Management System started successfully on port 5000","port":"5000","environment":"development","node_version":"v22.17.0","memory_limit":"default"}
{"timestamp":"2025-10-06T02:28:33.139Z","level":"INFO","message":"Starting Cash Management System server..."}
{"timestamp":"2025-10-06T02:28:33.264Z","level":"INFO","message":"Database connection established successfully"}
{"timestamp":"2025-10-06T02:28:33.603Z","level":"INFO","message":"Database migrations completed"}
{"timestamp":"2025-10-06T02:28:34.829Z","level":"INFO","message":"Database auto-setup completed"}
{"timestamp":"2025-10-06T02:28:34.849Z","level":"INFO","message":"Balance rollover scheduler started"}
{"timestamp":"2025-10-06T02:28:34.853Z","level":"INFO","message":"Cash Management System started successfully on port 5000","port":"5000","environment":"development","node_version":"v22.17.0","memory_limit":"default"}
{"timestamp":"2025-10-06T02:43:25.303Z","level":"INFO","message":"Starting Cash Management System server..."}
{"timestamp":"2025-10-06T02:43:25.403Z","level":"INFO","message":"Database connection established successfully"}
{"timestamp":"2025-10-06T02:43:25.765Z","level":"INFO","message":"Database migrations completed"}
{"timestamp":"2025-10-06T02:43:26.991Z","level":"INFO","message":"Database auto-setup completed"}
{"timestamp":"2025-10-06T02:43:27.012Z","level":"INFO","message":"Balance rollover scheduler started"}
{"timestamp":"2025-10-06T02:43:27.016Z","level":"INFO","message":"Cash Management System started successfully on port 5000","port":"5000","environment":"development","node_version":"v22.17.0","memory_limit":"default"}
{"timestamp":"2025-10-06T02:49:08.526Z","level":"INFO","message":"Starting Cash Management System server..."}
{"timestamp":"2025-10-06T02:49:08.633Z","level":"INFO","message":"Database connection established successfully"}
{"timestamp":"2025-10-06T02:49:09.042Z","level":"INFO","message":"Database migrations completed"}
{"timestamp":"2025-10-06T02:49:09.061Z","level":"INFO","message":"Database auto-setup completed"}
{"timestamp":"2025-10-06T02:49:09.080Z","level":"INFO","message":"Balance rollover scheduler started"}
{"timestamp":"2025-10-06T02:49:09.085Z","level":"INFO","message":"Cash Management System started successfully on port 5000","port":"5000","environment":"development","node_version":"v22.17.0","memory_limit":"default"}
{"timestamp":"2025-10-06T02:49:35.325Z","level":"INFO","message":"SIGINT received. Shutting down gracefully..."}
{"timestamp":"2025-10-06T02:49:35.327Z","level":"INFO","message":"Balance scheduler stopped"}
{"timestamp":"2025-10-06T02:49:35.329Z","level":"INFO","message":"Performance cache closed"}
{"timestamp":"2025-10-06T02:49:35.361Z","level":"INFO","message":"Database connections closed. Server shutdown complete."}
{"timestamp":"2025-10-06T02:52:48.095Z","level":"INFO","message":"Starting Cash Management System server..."}
{"timestamp":"2025-10-06T02:52:48.212Z","level":"INFO","message":"Database connection established successfully"}
{"timestamp":"2025-10-06T02:52:48.603Z","level":"INFO","message":"Database migrations completed"}
{"timestamp":"2025-10-06T02:52:48.629Z","level":"INFO","message":"Database auto-setup completed"}
{"timestamp":"2025-10-06T02:52:48.647Z","level":"INFO","message":"Balance rollover scheduler started"}
{"timestamp":"2025-10-06T02:52:48.652Z","level":"INFO","message":"Cash Management System started successfully on port 5000","port":"5000","environment":"development","node_version":"v22.17.0","memory_limit":"default"}
{"timestamp":"2025-10-06T02:53:31.945Z","level":"INFO","message":"SIGINT received. Shutting down gracefully..."}
{"timestamp":"2025-10-06T02:53:31.947Z","level":"INFO","message":"Balance scheduler stopped"}
{"timestamp":"2025-10-06T02:53:31.949Z","level":"INFO","message":"Performance cache closed"}
{"timestamp":"2025-10-06T02:53:31.961Z","level":"INFO","message":"Database connections closed. Server shutdown complete."}
{"timestamp":"2025-10-06T02:54:08.570Z","level":"INFO","message":"Starting Cash Management System server..."}
{"timestamp":"2025-10-06T02:54:08.686Z","level":"INFO","message":"Database connection established successfully"}
{"timestamp":"2025-10-06T02:54:09.077Z","level":"INFO","message":"Database migrations completed"}
{"timestamp":"2025-10-06T02:54:09.098Z","level":"INFO","message":"Database auto-setup completed"}
{"timestamp":"2025-10-06T02:54:09.117Z","level":"INFO","message":"Balance rollover scheduler started"}
{"timestamp":"2025-10-06T02:54:09.122Z","level":"INFO","message":"Cash Management System started successfully on port 5000","port":"5000","environment":"development","node_version":"v22.17.0","memory_limit":"default"}
{"timestamp":"2025-10-06T02:55:49.306Z","level":"INFO","message":"Starting Cash Management System server..."}
{"timestamp":"2025-10-06T02:55:49.426Z","level":"INFO","message":"Database connection established successfully"}
{"timestamp":"2025-10-06T02:55:49.814Z","level":"INFO","message":"Database migrations completed"}
{"timestamp":"2025-10-06T02:55:51.126Z","level":"INFO","message":"Database auto-setup completed"}
{"timestamp":"2025-10-06T02:55:51.146Z","level":"INFO","message":"Balance rollover scheduler started"}
{"timestamp":"2025-10-06T02:55:51.152Z","level":"INFO","message":"Cash Management System started successfully on port 5000","port":"5000","environment":"development","node_version":"v22.17.0","memory_limit":"default"}
{"timestamp":"2025-10-06T03:02:48.798Z","level":"INFO","message":"Starting Cash Management System server..."}
{"timestamp":"2025-10-06T03:02:48.920Z","level":"INFO","message":"Database connection established successfully"}
{"timestamp":"2025-10-06T03:02:49.327Z","level":"INFO","message":"Database migrations completed"}
{"timestamp":"2025-10-06T03:02:49.360Z","level":"INFO","message":"Database auto-setup completed"}
{"timestamp":"2025-10-06T03:02:49.380Z","level":"INFO","message":"Balance rollover scheduler started"}
{"timestamp":"2025-10-06T03:02:49.384Z","level":"INFO","message":"Cash Management System started successfully on port 5000","port":"5000","environment":"development","node_version":"v22.17.0","memory_limit":"default"}
{"timestamp":"2025-10-06T03:03:40.735Z","level":"INFO","message":"Starting Cash Management System server..."}
{"timestamp":"2025-10-06T03:03:40.970Z","level":"INFO","message":"Database connection established successfully"}
{"timestamp":"2025-10-06T03:03:41.378Z","level":"INFO","message":"Database migrations completed"}
{"timestamp":"2025-10-06T03:03:41.397Z","level":"INFO","message":"Database auto-setup completed"}
{"timestamp":"2025-10-06T03:03:41.417Z","level":"INFO","message":"Balance rollover scheduler started"}
{"timestamp":"2025-10-06T03:03:41.423Z","level":"INFO","message":"Cash Management System started successfully on port 5000","port":"5000","environment":"development","node_version":"v22.17.0","memory_limit":"default"}
{"timestamp":"2025-10-06T03:04:24.597Z","level":"INFO","message":"Starting Cash Management System server..."}
{"timestamp":"2025-10-06T03:04:24.828Z","level":"INFO","message":"Database connection established successfully"}
{"timestamp":"2025-10-06T03:04:25.281Z","level":"INFO","message":"Database migrations completed"}
{"timestamp":"2025-10-06T03:04:26.542Z","level":"INFO","message":"Database auto-setup completed"}
{"timestamp":"2025-10-06T03:04:26.560Z","level":"INFO","message":"Balance rollover scheduler started"}
{"timestamp":"2025-10-06T03:04:26.564Z","level":"INFO","message":"Cash Management System started successfully on port 5000","port":"5000","environment":"development","node_version":"v22.17.0","memory_limit":"default"}
{"timestamp":"2025-10-06T03:12:12.143Z","level":"INFO","message":"Starting Cash Management System server..."}
{"timestamp":"2025-10-06T03:12:12.254Z","level":"INFO","message":"Database connection established successfully"}
{"timestamp":"2025-10-06T03:12:12.625Z","level":"INFO","message":"Database migrations completed"}
{"timestamp":"2025-10-06T03:12:13.901Z","level":"INFO","message":"Database auto-setup completed"}
{"timestamp":"2025-10-06T03:12:13.920Z","level":"INFO","message":"Balance rollover scheduler started"}
{"timestamp":"2025-10-06T03:12:13.924Z","level":"INFO","message":"Cash Management System started successfully on port 5000","port":"5000","environment":"development","node_version":"v22.17.0","memory_limit":"default"}
{"timestamp":"2025-10-06T03:27:51.626Z","level":"INFO","message":"Starting Cash Management System server..."}
{"timestamp":"2025-10-06T03:27:51.737Z","level":"INFO","message":"Database connection established successfully"}
{"timestamp":"2025-10-06T03:27:52.134Z","level":"INFO","message":"Database migrations completed"}
{"timestamp":"2025-10-06T03:27:52.172Z","level":"INFO","message":"Database auto-setup completed"}
{"timestamp":"2025-10-06T03:27:52.201Z","level":"INFO","message":"Balance rollover scheduler started"}
{"timestamp":"2025-10-06T03:27:52.206Z","level":"INFO","message":"Cash Management System started successfully on port 5000","port":"5000","environment":"development","node_version":"v22.17.0","memory_limit":"default"}
{"timestamp":"2025-10-06T03:34:36.791Z","level":"INFO","message":"Starting Cash Management System server..."}
{"timestamp":"2025-10-06T03:34:37.011Z","level":"INFO","message":"Database connection established successfully"}
{"timestamp":"2025-10-06T03:34:37.440Z","level":"INFO","message":"Database migrations completed"}
{"timestamp":"2025-10-06T03:34:37.480Z","level":"INFO","message":"Database auto-setup completed"}
{"timestamp":"2025-10-06T03:34:37.506Z","level":"INFO","message":"Balance rollover scheduler started"}
{"timestamp":"2025-10-06T03:34:37.510Z","level":"INFO","message":"Cash Management System started successfully on port 5000","port":"5000","environment":"development","node_version":"v22.17.0","memory_limit":"default"}
{"timestamp":"2025-10-06T03:42:42.805Z","level":"INFO","message":"Starting Cash Management System server..."}
{"timestamp":"2025-10-06T03:42:42.924Z","level":"INFO","message":"Database connection established successfully"}
{"timestamp":"2025-10-06T03:42:43.332Z","level":"INFO","message":"Database migrations completed"}
{"timestamp":"2025-10-06T03:42:43.353Z","level":"INFO","message":"Database auto-setup completed"}
{"timestamp":"2025-10-06T03:42:43.373Z","level":"INFO","message":"Balance rollover scheduler started"}
{"timestamp":"2025-10-06T03:42:43.379Z","level":"INFO","message":"Cash Management System started successfully on port 5000","port":"5000","environment":"development","node_version":"v22.17.0","memory_limit":"default"}
{"timestamp":"2025-10-06T04:03:21.584Z","level":"INFO","message":"Starting Cash Management System server..."}
{"timestamp":"2025-10-06T04:03:21.695Z","level":"INFO","message":"Database connection established successfully"}
{"timestamp":"2025-10-06T04:03:22.103Z","level":"INFO","message":"Database migrations completed"}
{"timestamp":"2025-10-06T04:03:22.128Z","level":"INFO","message":"Database auto-setup completed"}
{"timestamp":"2025-10-06T04:03:22.149Z","level":"INFO","message":"Balance rollover scheduler started"}
{"timestamp":"2025-10-06T04:03:22.153Z","level":"INFO","message":"Cash Management System started successfully on port 5000","port":"5000","environment":"development","node_version":"v22.17.0","memory_limit":"default"}
{"timestamp":"2025-10-06T13:41:16.895Z","level":"INFO","message":"Starting Cash Management System server..."}
{"timestamp":"2025-10-06T13:41:17.057Z","level":"INFO","message":"Database connection established successfully"}
{"timestamp":"2025-10-06T13:41:17.610Z","level":"INFO","message":"Database migrations completed"}
{"timestamp":"2025-10-06T13:41:19.529Z","level":"INFO","message":"Database auto-setup completed"}
{"timestamp":"2025-10-06T13:41:19.605Z","level":"INFO","message":"Balance rollover scheduler started"}
{"timestamp":"2025-10-06T13:41:19.613Z","level":"INFO","message":"Cash Management System started successfully on port 5000","port":"5000","environment":"development","node_version":"v22.17.0","memory_limit":"default"}
