{"timestamp":"2025-10-13T02:47:47.470Z","level":"INFO","message":"Starting Cash Management System server..."}
{"timestamp":"2025-10-13T02:47:47.835Z","level":"INFO","message":"Database connection established successfully"}
{"timestamp":"2025-10-13T02:47:49.551Z","level":"INFO","message":"Database migrations completed"}
{"timestamp":"2025-10-13T02:47:49.568Z","level":"INFO","message":"High-level performance optimization completed successfully"}
{"timestamp":"2025-10-13T02:47:49.580Z","level":"INFO","message":"Ultra performance optimization completed successfully"}
{"timestamp":"2025-10-13T02:47:49.587Z","level":"INFO","message":"Database auto-setup completed"}
{"timestamp":"2025-10-13T02:47:49.690Z","level":"INFO","message":"Balance rollover scheduler started"}
{"timestamp":"2025-10-13T02:47:49.702Z","level":"INFO","message":"Cash Management System started successfully on port 5000","port":"5000","environment":"development","node_version":"v22.17.0","memory_limit":"default"}
{"timestamp":"2025-10-13T07:29:31.414Z","level":"INFO","message":"Starting Cash Management System server..."}
{"timestamp":"2025-10-13T07:29:31.610Z","level":"INFO","message":"Database connection established successfully"}
{"timestamp":"2025-10-13T07:29:32.833Z","level":"INFO","message":"Database migrations completed"}
{"timestamp":"2025-10-13T07:29:32.846Z","level":"INFO","message":"High-level performance optimization completed successfully"}
{"timestamp":"2025-10-13T07:29:32.855Z","level":"INFO","message":"Ultra performance optimization completed successfully"}
{"timestamp":"2025-10-13T07:29:32.862Z","level":"INFO","message":"Database auto-setup completed"}
{"timestamp":"2025-10-13T07:29:32.936Z","level":"INFO","message":"Balance rollover scheduler started"}
{"timestamp":"2025-10-13T07:29:32.941Z","level":"INFO","message":"Cash Management System started successfully on port 5000","port":"5000","environment":"development","node_version":"v22.17.0","memory_limit":"default"}
{"timestamp":"2025-10-13T07:31:27.659Z","level":"INFO","message":"Starting Cash Management System server..."}
{"timestamp":"2025-10-13T07:31:27.917Z","level":"INFO","message":"Database connection established successfully"}
{"timestamp":"2025-10-13T07:31:29.385Z","level":"INFO","message":"Database migrations completed"}
{"timestamp":"2025-10-13T07:31:29.398Z","level":"INFO","message":"High-level performance optimization completed successfully"}
{"timestamp":"2025-10-13T07:31:29.408Z","level":"INFO","message":"Ultra performance optimization completed successfully"}
{"timestamp":"2025-10-13T07:31:29.415Z","level":"INFO","message":"Database auto-setup completed"}
{"timestamp":"2025-10-13T07:31:29.446Z","level":"INFO","message":"Balance rollover scheduler started"}
{"timestamp":"2025-10-13T07:31:29.455Z","level":"INFO","message":"Cash Management System started successfully on port 5000","port":"5000","environment":"development","node_version":"v22.17.0","memory_limit":"default"}
{"timestamp":"2025-10-13T08:15:22.647Z","level":"INFO","message":"Starting Cash Management System server..."}
{"timestamp":"2025-10-13T08:15:22.872Z","level":"INFO","message":"Database connection established successfully"}
{"timestamp":"2025-10-13T08:15:24.544Z","level":"INFO","message":"Database migrations completed"}
{"timestamp":"2025-10-13T08:15:24.554Z","level":"INFO","message":"High-level performance optimization completed successfully"}
{"timestamp":"2025-10-13T08:15:24.562Z","level":"INFO","message":"Ultra performance optimization completed successfully"}
{"timestamp":"2025-10-13T08:15:24.568Z","level":"INFO","message":"Database auto-setup completed"}
{"timestamp":"2025-10-13T08:15:24.633Z","level":"INFO","message":"Balance rollover scheduler started"}
{"timestamp":"2025-10-13T08:15:24.641Z","level":"INFO","message":"Cash Management System started successfully on port 5000","port":"5000","environment":"development","node_version":"v22.17.0","memory_limit":"default"}
{"timestamp":"2025-10-13T13:50:58.873Z","level":"INFO","message":"Starting Cash Management System server..."}
{"timestamp":"2025-10-13T13:50:59.291Z","level":"INFO","message":"Database connection established successfully"}
{"timestamp":"2025-10-13T13:51:01.387Z","level":"INFO","message":"Database migrations completed"}
{"timestamp":"2025-10-13T13:51:01.407Z","level":"INFO","message":"High-level performance optimization completed successfully"}
{"timestamp":"2025-10-13T13:51:01.423Z","level":"INFO","message":"Ultra performance optimization completed successfully"}
{"timestamp":"2025-10-13T13:51:01.433Z","level":"INFO","message":"Database auto-setup completed"}
{"timestamp":"2025-10-13T13:51:01.587Z","level":"INFO","message":"Balance rollover scheduler started"}
{"timestamp":"2025-10-13T13:51:01.603Z","level":"INFO","message":"Cash Management System started successfully on port 5000","port":"5000","environment":"development","node_version":"v22.17.0","memory_limit":"default"}
{"timestamp":"2025-10-13T14:53:38.267Z","level":"INFO","message":"Starting Cash Management System server..."}
{"timestamp":"2025-10-13T14:53:38.615Z","level":"INFO","message":"Database connection established successfully"}
{"timestamp":"2025-10-13T14:53:40.034Z","level":"INFO","message":"Database migrations completed"}
{"timestamp":"2025-10-13T14:53:40.045Z","level":"INFO","message":"High-level performance optimization completed successfully"}
{"timestamp":"2025-10-13T14:53:40.054Z","level":"INFO","message":"Ultra performance optimization completed successfully"}
{"timestamp":"2025-10-13T14:53:40.061Z","level":"INFO","message":"Database auto-setup completed"}
{"timestamp":"2025-10-13T14:53:40.092Z","level":"INFO","message":"Balance rollover scheduler started"}
{"timestamp":"2025-10-13T14:53:40.101Z","level":"INFO","message":"Cash Management System started successfully on port 5000","port":"5000","environment":"development","node_version":"v22.17.0","memory_limit":"default"}
{"timestamp":"2025-10-13T15:56:39.381Z","level":"INFO","message":"Starting Cash Management System server..."}
{"timestamp":"2025-10-13T15:57:28.880Z","level":"INFO","message":"Starting Cash Management System server..."}
{"timestamp":"2025-10-13T15:57:29.129Z","level":"INFO","message":"Database connection established successfully"}
{"timestamp":"2025-10-13T15:57:30.006Z","level":"INFO","message":"Database migrations completed"}
{"timestamp":"2025-10-13T15:57:30.141Z","level":"INFO","message":"High-level performance optimization completed successfully"}
{"timestamp":"2025-10-13T15:57:31.607Z","level":"INFO","message":"Ultra performance optimization completed successfully"}
{"timestamp":"2025-10-13T15:57:33.835Z","level":"INFO","message":"Database auto-setup completed"}
{"timestamp":"2025-10-13T15:57:33.888Z","level":"INFO","message":"Balance rollover scheduler started"}
{"timestamp":"2025-10-13T15:57:33.897Z","level":"INFO","message":"Cash Management System started successfully on port 5000","port":"5000","environment":"development","node_version":"v22.17.0","memory_limit":"default"}
