{"timestamp":"2025-10-14T01:48:09.874Z","level":"INFO","message":"Starting Cash Management System server..."}
{"timestamp":"2025-10-14T01:48:10.159Z","level":"INFO","message":"Database connection established successfully"}
{"timestamp":"2025-10-14T01:48:11.600Z","level":"INFO","message":"Database migrations completed"}
{"timestamp":"2025-10-14T01:48:11.609Z","level":"INFO","message":"High-level performance optimization completed successfully"}
{"timestamp":"2025-10-14T01:48:11.618Z","level":"INFO","message":"Ultra performance optimization completed successfully"}
{"timestamp":"2025-10-14T01:48:11.625Z","level":"INFO","message":"Database auto-setup completed"}
{"timestamp":"2025-10-14T01:48:11.693Z","level":"INFO","message":"Balance rollover scheduler started"}
{"timestamp":"2025-10-14T01:48:11.704Z","level":"INFO","message":"Cash Management System started successfully on port 5000","port":"5000","environment":"development","node_version":"v22.17.0","memory_limit":"default"}
{"timestamp":"2025-10-14T01:55:25.160Z","level":"INFO","message":"Starting Cash Management System server..."}
{"timestamp":"2025-10-14T01:55:25.364Z","level":"INFO","message":"Database connection established successfully"}
{"timestamp":"2025-10-14T01:55:27.017Z","level":"INFO","message":"Database migrations completed"}
{"timestamp":"2025-10-14T01:55:27.051Z","level":"INFO","message":"High-level performance optimization completed successfully"}
{"timestamp":"2025-10-14T01:55:27.100Z","level":"INFO","message":"Ultra performance optimization completed successfully"}
{"timestamp":"2025-10-14T01:55:27.112Z","level":"INFO","message":"Database auto-setup completed"}
{"timestamp":"2025-10-14T01:55:27.148Z","level":"INFO","message":"Balance rollover scheduler started"}
{"timestamp":"2025-10-14T01:55:27.162Z","level":"INFO","message":"Cash Management System started successfully on port 5000","port":"5000","environment":"development","node_version":"v22.17.0","memory_limit":"default"}
{"timestamp":"2025-10-14T02:18:21.008Z","level":"INFO","message":"Starting Cash Management System server..."}
{"timestamp":"2025-10-14T02:18:21.115Z","level":"INFO","message":"Database connection established successfully"}
{"timestamp":"2025-10-14T02:18:21.500Z","level":"INFO","message":"Database migrations completed"}
{"timestamp":"2025-10-14T02:18:21.565Z","level":"INFO","message":"High-level performance optimization completed successfully"}
{"timestamp":"2025-10-14T02:18:21.867Z","level":"INFO","message":"Ultra performance optimization completed successfully"}
{"timestamp":"2025-10-14T02:18:23.097Z","level":"INFO","message":"Database auto-setup completed"}
{"timestamp":"2025-10-14T02:18:23.117Z","level":"INFO","message":"Balance rollover scheduler started"}
{"timestamp":"2025-10-14T02:18:23.122Z","level":"INFO","message":"Cash Management System started successfully on port 5000","port":"5000","environment":"development","node_version":"v22.17.0","memory_limit":"default"}
{"timestamp":"2025-10-14T03:19:02.627Z","level":"INFO","message":"Starting Cash Management System server..."}
{"timestamp":"2025-10-14T03:19:02.784Z","level":"INFO","message":"Database connection established successfully"}
{"timestamp":"2025-10-14T03:19:03.754Z","level":"INFO","message":"High-level performance optimization completed successfully"}
{"timestamp":"2025-10-14T03:19:03.759Z","level":"INFO","message":"Ultra performance optimization completed successfully"}
{"timestamp":"2025-10-14T03:19:03.764Z","level":"INFO","message":"Database auto-setup completed"}
{"timestamp":"2025-10-14T03:19:03.782Z","level":"INFO","message":"Balance rollover scheduler started"}
{"timestamp":"2025-10-14T03:19:03.787Z","level":"INFO","message":"Cash Management System started successfully on port 5000","port":"5000","environment":"development","node_version":"v22.17.0","memory_limit":"default"}
{"timestamp":"2025-10-14T03:21:17.047Z","level":"INFO","message":"Starting Cash Management System server..."}
{"timestamp":"2025-10-14T03:21:17.173Z","level":"INFO","message":"Database connection established successfully"}
{"timestamp":"2025-10-14T03:21:17.765Z","level":"INFO","message":"High-level performance optimization completed successfully"}
{"timestamp":"2025-10-14T03:21:18.227Z","level":"INFO","message":"Ultra performance optimization completed successfully"}
{"timestamp":"2025-10-14T03:21:19.444Z","level":"INFO","message":"Database auto-setup completed"}
{"timestamp":"2025-10-14T03:21:19.463Z","level":"INFO","message":"Balance rollover scheduler started"}
{"timestamp":"2025-10-14T03:21:19.467Z","level":"INFO","message":"Cash Management System started successfully on port 5000","port":"5000","environment":"development","node_version":"v22.17.0","memory_limit":"default"}
{"timestamp":"2025-10-14T03:24:16.850Z","level":"INFO","message":"Starting Cash Management System server..."}
{"timestamp":"2025-10-14T03:24:16.994Z","level":"INFO","message":"Database connection established successfully"}
{"timestamp":"2025-10-14T03:24:17.744Z","level":"INFO","message":"High-level performance optimization completed successfully"}
{"timestamp":"2025-10-14T03:24:17.750Z","level":"INFO","message":"Ultra performance optimization completed successfully"}
{"timestamp":"2025-10-14T03:24:17.755Z","level":"INFO","message":"Database auto-setup completed"}
{"timestamp":"2025-10-14T03:24:17.774Z","level":"INFO","message":"Balance rollover scheduler started"}
{"timestamp":"2025-10-14T03:24:17.778Z","level":"INFO","message":"Cash Management System started successfully on port 5000","port":"5000","environment":"development","node_version":"v22.17.0","memory_limit":"default"}
{"timestamp":"2025-10-14T03:27:14.801Z","level":"INFO","message":"Starting Cash Management System server..."}
{"timestamp":"2025-10-14T03:27:14.965Z","level":"INFO","message":"Database connection established successfully"}
{"timestamp":"2025-10-14T03:27:15.904Z","level":"INFO","message":"High-level performance optimization completed successfully"}
{"timestamp":"2025-10-14T03:27:15.913Z","level":"INFO","message":"Ultra performance optimization completed successfully"}
{"timestamp":"2025-10-14T03:27:15.918Z","level":"INFO","message":"Database auto-setup completed"}
{"timestamp":"2025-10-14T03:27:15.939Z","level":"INFO","message":"Balance rollover scheduler started"}
{"timestamp":"2025-10-14T03:27:15.946Z","level":"INFO","message":"Cash Management System started successfully on port 5000","port":"5000","environment":"development","node_version":"v22.17.0","memory_limit":"default"}
{"timestamp":"2025-10-14T03:29:05.388Z","level":"INFO","message":"Starting Cash Management System server..."}
{"timestamp":"2025-10-14T03:29:05.506Z","level":"INFO","message":"Database connection established successfully"}
{"timestamp":"2025-10-14T03:29:06.217Z","level":"INFO","message":"High-level performance optimization completed successfully"}
{"timestamp":"2025-10-14T03:29:06.223Z","level":"INFO","message":"Ultra performance optimization completed successfully"}
{"timestamp":"2025-10-14T03:29:06.228Z","level":"INFO","message":"Database auto-setup completed"}
{"timestamp":"2025-10-14T03:29:06.249Z","level":"INFO","message":"Balance rollover scheduler started"}
{"timestamp":"2025-10-14T03:29:06.253Z","level":"INFO","message":"Cash Management System started successfully on port 5000","port":"5000","environment":"development","node_version":"v22.17.0","memory_limit":"default"}
{"timestamp":"2025-10-14T03:30:28.629Z","level":"INFO","message":"Starting Cash Management System server..."}
{"timestamp":"2025-10-14T03:30:28.785Z","level":"INFO","message":"Database connection established successfully"}
{"timestamp":"2025-10-14T03:30:29.783Z","level":"INFO","message":"Database migrations completed"}
{"timestamp":"2025-10-14T03:30:29.790Z","level":"INFO","message":"High-level performance optimization completed successfully"}
{"timestamp":"2025-10-14T03:30:29.797Z","level":"INFO","message":"Ultra performance optimization completed successfully"}
{"timestamp":"2025-10-14T03:30:29.807Z","level":"INFO","message":"Database auto-setup completed"}
{"timestamp":"2025-10-14T03:30:29.826Z","level":"INFO","message":"Balance rollover scheduler started"}
{"timestamp":"2025-10-14T03:30:29.831Z","level":"INFO","message":"Cash Management System started successfully on port 5000","port":"5000","environment":"development","node_version":"v22.17.0","memory_limit":"default"}
{"timestamp":"2025-10-14T03:31:38.185Z","level":"INFO","message":"Starting Cash Management System server..."}
{"timestamp":"2025-10-14T03:31:38.303Z","level":"INFO","message":"Database connection established successfully"}
{"timestamp":"2025-10-14T03:31:38.725Z","level":"INFO","message":"Database migrations completed"}
{"timestamp":"2025-10-14T03:31:38.801Z","level":"INFO","message":"High-level performance optimization completed successfully"}
{"timestamp":"2025-10-14T03:31:39.126Z","level":"INFO","message":"Ultra performance optimization completed successfully"}
{"timestamp":"2025-10-14T03:31:40.366Z","level":"INFO","message":"Database auto-setup completed"}
{"timestamp":"2025-10-14T03:31:40.384Z","level":"INFO","message":"Balance rollover scheduler started"}
{"timestamp":"2025-10-14T03:31:40.387Z","level":"INFO","message":"Cash Management System started successfully on port 5000","port":"5000","environment":"development","node_version":"v22.17.0","memory_limit":"default"}
{"timestamp":"2025-10-14T03:34:30.076Z","level":"INFO","message":"Starting Cash Management System server..."}
{"timestamp":"2025-10-14T03:34:30.211Z","level":"INFO","message":"Database connection established successfully"}
{"timestamp":"2025-10-14T03:34:30.964Z","level":"INFO","message":"Database migrations completed"}
{"timestamp":"2025-10-14T03:34:30.973Z","level":"INFO","message":"High-level performance optimization completed successfully"}
{"timestamp":"2025-10-14T03:34:30.979Z","level":"INFO","message":"Ultra performance optimization completed successfully"}
{"timestamp":"2025-10-14T03:34:30.985Z","level":"INFO","message":"Database auto-setup completed"}
{"timestamp":"2025-10-14T03:34:31.005Z","level":"INFO","message":"Balance rollover scheduler started"}
{"timestamp":"2025-10-14T03:34:31.010Z","level":"INFO","message":"Cash Management System started successfully on port 5000","port":"5000","environment":"development","node_version":"v22.17.0","memory_limit":"default"}
{"timestamp":"2025-10-14T03:36:45.402Z","level":"INFO","message":"Starting Cash Management System server..."}
{"timestamp":"2025-10-14T03:36:45.544Z","level":"INFO","message":"Database connection established successfully"}
{"timestamp":"2025-10-14T03:36:46.228Z","level":"INFO","message":"Database migrations completed"}
{"timestamp":"2025-10-14T03:36:46.235Z","level":"INFO","message":"High-level performance optimization completed successfully"}
{"timestamp":"2025-10-14T03:36:46.239Z","level":"INFO","message":"Ultra performance optimization completed successfully"}
{"timestamp":"2025-10-14T03:36:46.244Z","level":"INFO","message":"Database auto-setup completed"}
{"timestamp":"2025-10-14T03:36:46.263Z","level":"INFO","message":"Balance rollover scheduler started"}
{"timestamp":"2025-10-14T03:36:46.269Z","level":"INFO","message":"Cash Management System started successfully on port 5000","port":"5000","environment":"development","node_version":"v22.17.0","memory_limit":"default"}
{"timestamp":"2025-10-14T03:37:20.050Z","level":"INFO","message":"Starting Cash Management System server..."}
{"timestamp":"2025-10-14T03:37:20.162Z","level":"INFO","message":"Database connection established successfully"}
{"timestamp":"2025-10-14T03:37:20.981Z","level":"INFO","message":"Database migrations completed"}
{"timestamp":"2025-10-14T03:37:20.993Z","level":"INFO","message":"High-level performance optimization completed successfully"}
{"timestamp":"2025-10-14T03:37:21.001Z","level":"INFO","message":"Ultra performance optimization completed successfully"}
{"timestamp":"2025-10-14T03:37:21.009Z","level":"INFO","message":"Database auto-setup completed"}
{"timestamp":"2025-10-14T03:37:21.028Z","level":"INFO","message":"Balance rollover scheduler started"}
{"timestamp":"2025-10-14T03:37:21.032Z","level":"INFO","message":"Cash Management System started successfully on port 5000","port":"5000","environment":"development","node_version":"v22.17.0","memory_limit":"default"}
{"timestamp":"2025-10-14T03:38:06.991Z","level":"INFO","message":"Starting Cash Management System server..."}
{"timestamp":"2025-10-14T03:38:07.137Z","level":"INFO","message":"Database connection established successfully"}
{"timestamp":"2025-10-14T03:38:07.834Z","level":"INFO","message":"Database migrations completed"}
{"timestamp":"2025-10-14T03:38:07.841Z","level":"INFO","message":"High-level performance optimization completed successfully"}
{"timestamp":"2025-10-14T03:38:07.846Z","level":"INFO","message":"Ultra performance optimization completed successfully"}
{"timestamp":"2025-10-14T03:38:07.850Z","level":"INFO","message":"Database auto-setup completed"}
{"timestamp":"2025-10-14T03:38:07.870Z","level":"INFO","message":"Balance rollover scheduler started"}
{"timestamp":"2025-10-14T03:38:07.873Z","level":"INFO","message":"Cash Management System started successfully on port 5000","port":"5000","environment":"development","node_version":"v22.17.0","memory_limit":"default"}
{"timestamp":"2025-10-14T03:40:25.130Z","level":"INFO","message":"Starting Cash Management System server..."}
{"timestamp":"2025-10-14T03:40:25.258Z","level":"INFO","message":"Database connection established successfully"}
{"timestamp":"2025-10-14T03:40:26.005Z","level":"INFO","message":"Database migrations completed"}
{"timestamp":"2025-10-14T03:40:26.015Z","level":"INFO","message":"High-level performance optimization completed successfully"}
{"timestamp":"2025-10-14T03:40:26.020Z","level":"INFO","message":"Ultra performance optimization completed successfully"}
{"timestamp":"2025-10-14T03:40:26.026Z","level":"INFO","message":"Database auto-setup completed"}
{"timestamp":"2025-10-14T03:40:26.045Z","level":"INFO","message":"Balance rollover scheduler started"}
{"timestamp":"2025-10-14T03:40:26.048Z","level":"INFO","message":"Cash Management System started successfully on port 5000","port":"5000","environment":"development","node_version":"v22.17.0","memory_limit":"default"}
{"timestamp":"2025-10-14T03:44:11.017Z","level":"INFO","message":"Starting Cash Management System server..."}
{"timestamp":"2025-10-14T03:44:11.165Z","level":"INFO","message":"Database connection established successfully"}
{"timestamp":"2025-10-14T03:44:11.659Z","level":"INFO","message":"Database migrations completed"}
{"timestamp":"2025-10-14T03:44:11.758Z","level":"INFO","message":"High-level performance optimization completed successfully"}
{"timestamp":"2025-10-14T03:44:12.218Z","level":"INFO","message":"Ultra performance optimization completed successfully"}
{"timestamp":"2025-10-14T03:44:13.483Z","level":"INFO","message":"Database auto-setup completed"}
{"timestamp":"2025-10-14T03:44:13.502Z","level":"INFO","message":"Balance rollover scheduler started"}
{"timestamp":"2025-10-14T03:44:13.506Z","level":"INFO","message":"Cash Management System started successfully on port 5000","port":"5000","environment":"development","node_version":"v22.17.0","memory_limit":"default"}
{"timestamp":"2025-10-14T04:01:56.846Z","level":"INFO","message":"Starting Cash Management System server..."}
{"timestamp":"2025-10-14T04:01:56.987Z","level":"INFO","message":"Database connection established successfully"}
{"timestamp":"2025-10-14T04:01:57.814Z","level":"INFO","message":"Database migrations completed"}
{"timestamp":"2025-10-14T04:01:57.821Z","level":"INFO","message":"High-level performance optimization completed successfully"}
{"timestamp":"2025-10-14T04:01:57.829Z","level":"INFO","message":"Ultra performance optimization completed successfully"}
{"timestamp":"2025-10-14T04:01:57.834Z","level":"INFO","message":"Database auto-setup completed"}
{"timestamp":"2025-10-14T04:01:57.854Z","level":"INFO","message":"Balance rollover scheduler started"}
{"timestamp":"2025-10-14T04:01:57.860Z","level":"INFO","message":"Cash Management System started successfully on port 5000","port":"5000","environment":"development","node_version":"v22.17.0","memory_limit":"default"}
{"timestamp":"2025-10-14T04:06:35.598Z","level":"INFO","message":"Starting Cash Management System server..."}
{"timestamp":"2025-10-14T04:06:35.756Z","level":"INFO","message":"Database connection established successfully"}
{"timestamp":"2025-10-14T04:06:36.766Z","level":"INFO","message":"Database migrations completed"}
{"timestamp":"2025-10-14T04:06:36.816Z","level":"INFO","message":"Critical performance indexes applied","created":3}
{"timestamp":"2025-10-14T04:06:36.820Z","level":"INFO","message":"High-level performance optimization completed successfully"}
{"timestamp":"2025-10-14T04:06:36.827Z","level":"INFO","message":"Ultra performance optimization completed successfully"}
{"timestamp":"2025-10-14T04:06:36.833Z","level":"INFO","message":"Database auto-setup completed"}
{"timestamp":"2025-10-14T04:06:36.853Z","level":"INFO","message":"Balance rollover scheduler started"}
{"timestamp":"2025-10-14T04:06:36.857Z","level":"INFO","message":"Cash Management System started successfully on port 5000","port":"5000","environment":"development","node_version":"v22.17.0","memory_limit":"default"}
{"timestamp":"2025-10-14T04:07:17.923Z","level":"INFO","message":"Starting Cash Management System server..."}
{"timestamp":"2025-10-14T04:07:18.090Z","level":"INFO","message":"Database connection established successfully"}
{"timestamp":"2025-10-14T04:07:19.056Z","level":"INFO","message":"Database migrations completed"}
{"timestamp":"2025-10-14T04:07:19.065Z","level":"INFO","message":"Critical performance indexes applied","created":0}
{"timestamp":"2025-10-14T04:07:19.070Z","level":"INFO","message":"High-level performance optimization completed successfully"}
{"timestamp":"2025-10-14T04:07:19.076Z","level":"INFO","message":"Ultra performance optimization completed successfully"}
{"timestamp":"2025-10-14T04:07:19.082Z","level":"INFO","message":"Database auto-setup completed"}
{"timestamp":"2025-10-14T04:07:19.102Z","level":"INFO","message":"Balance rollover scheduler started"}
{"timestamp":"2025-10-14T04:07:19.106Z","level":"INFO","message":"Cash Management System started successfully on port 5000","port":"5000","environment":"development","node_version":"v22.17.0","memory_limit":"default"}
{"timestamp":"2025-10-14T04:07:52.449Z","level":"INFO","message":"Starting Cash Management System server..."}
{"timestamp":"2025-10-14T04:07:52.601Z","level":"INFO","message":"Database connection established successfully"}
{"timestamp":"2025-10-14T04:07:53.152Z","level":"INFO","message":"Database migrations completed"}
{"timestamp":"2025-10-14T04:07:53.175Z","level":"INFO","message":"Critical performance indexes applied","created":3}
{"timestamp":"2025-10-14T04:07:53.276Z","level":"INFO","message":"High-level performance optimization completed successfully"}
{"timestamp":"2025-10-14T04:07:53.781Z","level":"INFO","message":"Ultra performance optimization completed successfully"}
{"timestamp":"2025-10-14T04:07:55.011Z","level":"INFO","message":"Database auto-setup completed"}
{"timestamp":"2025-10-14T04:07:55.033Z","level":"INFO","message":"Balance rollover scheduler started"}
{"timestamp":"2025-10-14T04:07:55.037Z","level":"INFO","message":"Cash Management System started successfully on port 5000","port":"5000","environment":"development","node_version":"v22.17.0","memory_limit":"default"}
{"timestamp":"2025-10-14T05:08:56.651Z","level":"INFO","message":"Starting Cash Management System server..."}
{"timestamp":"2025-10-14T05:08:56.860Z","level":"INFO","message":"Database connection established successfully"}
{"timestamp":"2025-10-14T05:08:57.854Z","level":"INFO","message":"Database migrations completed"}
{"timestamp":"2025-10-14T05:08:57.865Z","level":"INFO","message":"Critical performance indexes applied","created":0}
{"timestamp":"2025-10-14T05:08:57.871Z","level":"INFO","message":"High-level performance optimization completed successfully"}
{"timestamp":"2025-10-14T05:08:57.877Z","level":"INFO","message":"Ultra performance optimization completed successfully"}
{"timestamp":"2025-10-14T05:08:57.889Z","level":"INFO","message":"Database auto-setup completed"}
{"timestamp":"2025-10-14T05:08:57.951Z","level":"INFO","message":"Balance rollover scheduler started"}
{"timestamp":"2025-10-14T05:08:57.957Z","level":"INFO","message":"Cash Management System started successfully on port 5000","port":"5000","environment":"development","node_version":"v22.17.0","memory_limit":"default"}
